<?xml version="1.0" encoding="UTF-8"?>
<!-- Generated by org.testng.reporters.JUnitReportReporter -->
<testsuite skipped="0" hostname="CSMBHUL251" name="com.minimizedScenariosExtentReport.Verify_Duplicate" tests="12" failures="0" timestamp="2020-07-04T16:05:22 IST" time="98.750" errors="0">
  <testcase name="Accept_DuplicateAadharnumber_Differentuser" time="3.050" classname="com.minimizedScenariosExtentReport.Verify_Duplicate"/>
  <system-out/>
  <testcase name="Accept_Duplicate_Guardianmobilenumber" time="4.120" classname="com.minimizedScenariosExtentReport.Verify_Duplicate"/>
  <system-out/>
  <testcase name="sameNumGuardianMobile" time="3.017" classname="com.minimizedScenariosExtentReport.Verify_Duplicate"/>
  <system-out/>
  <testcase name="Accept_DuplicateAddress_Differentuser" time="13.528" classname="com.minimizedScenariosExtentReport.Verify_Duplicate"/>
  <system-out/>
  <testcase name="Accept_Duplicate_Telephonumber" time="5.404" classname="com.minimizedScenariosExtentReport.Verify_Duplicate"/>
  <system-out/>
  <testcase name="Accept_samemobileno_telephonenumber" time="0.771" classname="com.minimizedScenariosExtentReport.Verify_Duplicate"/>
  <system-out/>
  <testcase name="Duplicate_Compartmental_Pass_Subject" time="15.780" classname="com.minimizedScenariosExtentReport.Verify_Duplicate"/>
  <system-out/>
  <testcase name="CheckDuplicacy_College_Stream" time="3.793" classname="com.minimizedScenariosExtentReport.Verify_Duplicate"/>
  <system-out/>
  <testcase name="Duplicate_Firstandforthelectivesubject_notapply" time="16.953" classname="com.minimizedScenariosExtentReport.Verify_Duplicate"/>
  <system-out/>
  <testcase name="Duplicate_Firstandsecondelectivesubject_notapply" time="7.003" classname="com.minimizedScenariosExtentReport.Verify_Duplicate"/>
  <system-out/>
  <testcase name="Duplicate_Firstandthirdelectivesubject_notapply" time="11.522" classname="com.minimizedScenariosExtentReport.Verify_Duplicate"/>
  <system-out/>
  <testcase name="Verify_Duplicate_Fourthelectivesubject" time="13.809" classname="com.minimizedScenariosExtentReport.Verify_Duplicate"/>
  <system-out/>
</testsuite> <!-- com.minimizedScenariosExtentReport.Verify_Duplicate -->
