<?xml version="1.0" encoding="UTF-8"?>
<!-- Generated by org.testng.reporters.JUnitReportReporter -->
<testsuite skipped="0" hostname="CSMBHUL251" name="com.minimizedScenariosExtentReport.OSACandidate_Apply" tests="2" failures="0" timestamp="2020-07-02T09:53:48 IST" time="63.385" errors="0">
  <testcase name="OSACandidate_OdishaBoard_Apply" time="30.575" classname="com.minimizedScenariosExtentReport.OSACandidate_Apply"/>
  <system-out/>
  <testcase name="OSACandidate_OtherBoard_Apply" time="32.810" classname="com.minimizedScenariosExtentReport.OSACandidate_Apply"/>
  <system-out/>
</testsuite> <!-- com.minimizedScenariosExtentReport.OSACandidate_Apply -->
