<?xml version="1.0" encoding="UTF-8"?>
<!-- Generated by org.testng.reporters.JUnitReportReporter -->
<testsuite skipped="0" hostname="CSMBHUL251" name="com.minimizedScenariosExtentReport.Mark_Grade" tests="4" failures="0" timestamp="2020-07-02T09:53:48 IST" time="3.030" errors="0">
  <testcase name="Mark_Grade_BPEKerela" time="1.148" classname="com.minimizedScenariosExtentReport.Mark_Grade"/>
  <system-out/>
  <testcase name="Mark_Grade_BSEAndhrapradesh" time="0.945" classname="com.minimizedScenariosExtentReport.Mark_Grade"/>
  <system-out/>
  <testcase name="Mark_Grade_BSEboard" time="0.510" classname="com.minimizedScenariosExtentReport.Mark_Grade"/>
  <system-out/>
  <testcase name="Mark_Grade_CBSEBoard" time="0.427" classname="com.minimizedScenariosExtentReport.Mark_Grade"/>
  <system-out/>
</testsuite> <!-- com.minimizedScenariosExtentReport.Mark_Grade -->
