<?xml version="1.0" encoding="UTF-8"?>
<!-- Generated by org.testng.reporters.JUnitReportReporter -->
<testsuite skipped="0" hostname="CSMBHUL251" name="com.minimizedScenariosExtentReport.Check_Fieldvalidation" tests="12" failures="0" timestamp="2020-07-04T15:53:01 IST" time="303.019" errors="0">
  <testcase name="Check_Disabled_Supplementary_Currentyear" time="86.745" classname="com.minimizedScenariosExtentReport.Check_Fieldvalidation"/>
  <system-out/>
  <testcase name="Check_Age_Equalto_13years_Apply" time="63.116" classname="com.minimizedScenariosExtentReport.Check_Fieldvalidation"/>
  <system-out/>
  <testcase name="Check_Age_Lessthan_13years_Apply" time="8.730" classname="com.minimizedScenariosExtentReport.Check_Fieldvalidation"/>
  <system-out/>
  <testcase name="Check_Age_Morethan_13years_Apply" time="8.858" classname="com.minimizedScenariosExtentReport.Check_Fieldvalidation"/>
  <system-out/>
  <testcase name="Check_ResisteredMobileNo_Readonlymode" time="30.144" classname="com.minimizedScenariosExtentReport.Check_Fieldvalidation"/>
  <system-out/>
  <testcase name="Check_Displaying_ResisteredEmailId" time="2.203" classname="com.minimizedScenariosExtentReport.Check_Fieldvalidation"/>
  <system-out/>
  <testcase name="Check_Enable_Compartmental_Selectannual" time="3.996" classname="com.minimizedScenariosExtentReport.Check_Fieldvalidation"/>
  <system-out/>
  <testcase name="Check_Enable_Compartmental_Selectsupplementary" time="72.135" classname="com.minimizedScenariosExtentReport.Check_Fieldvalidation"/>
  <system-out/>
  <testcase name="Check_YOJ_Less_YOL" time="13.919" classname="com.minimizedScenariosExtentReport.Check_Fieldvalidation"/>
  <system-out/>
  <testcase name="Check_YOL_Disabled" time="0.173" classname="com.minimizedScenariosExtentReport.Check_Fieldvalidation"/>
  <system-out/>
  <testcase name="VerifyYOL_Same_10thYOP" time="5.482" classname="com.minimizedScenariosExtentReport.Check_Fieldvalidation"/>
  <system-out/>
  <testcase name="CheckStreamwise_Previousyear_Cuttoffmark" time="7.518" classname="com.minimizedScenariosExtentReport.Check_Fieldvalidation"/>
  <system-out/>
</testsuite> <!-- com.minimizedScenariosExtentReport.Check_Fieldvalidation -->
