<?xml version="1.0" encoding="UTF-8"?>
<!-- Generated by org.testng.reporters.JUnitReportReporter -->
<testsuite skipped="0" hostname="CSMBHUL251" name="com.minimizedScenariosExtentReport.Uniqueelectivesubject" tests="3" failures="0" timestamp="2020-07-02T09:53:48 IST" time="54.694" errors="0">
  <testcase name="Accept_Uniqueelectivesubject" time="52.350" classname="com.minimizedScenariosExtentReport.Uniqueelectivesubject"/>
  <system-out/>
  <testcase name="Accept_Uniqueforthelectivesubject" time="0.396" classname="com.minimizedScenariosExtentReport.Uniqueelectivesubject"/>
  <system-out/>
  <testcase name="Verify_Accepting_Duplicate_10thdata" time="1.948" classname="com.minimizedScenariosExtentReport.Uniqueelectivesubject"/>
  <system-out/>
</testsuite> <!-- com.minimizedScenariosExtentReport.Uniqueelectivesubject -->
