<?xml version="1.0" encoding="UTF-8"?>
<!-- Generated by org.testng.reporters.JUnitReportReporter -->
<testsuite skipped="0" hostname="CSMBHUL251" name="com.minimizedScenariosExtentReport.Check_MarkComparision" tests="4" failures="0" timestamp="2020-07-02T09:53:48 IST" time="55.747" errors="0">
  <testcase name="Compare_TotalMarkSecured_MaxMark" time="28.066" classname="com.minimizedScenariosExtentReport.Check_MarkComparision"/>
  <system-out/>
  <testcase name="Compare_TotalMarkSecured_Sumofindividualmarks" time="2.275" classname="com.minimizedScenariosExtentReport.Check_MarkComparision"/>
  <system-out/>
  <testcase name="Compare_PassMarkCompartmental_FailMarkPrevious" time="3.457" classname="com.minimizedScenariosExtentReport.Check_MarkComparision"/>
  <system-out/>
  <testcase name="Minimum_PassPercentages_IndividualSubject" time="21.949" classname="com.minimizedScenariosExtentReport.Check_MarkComparision"/>
  <system-out/>
</testsuite> <!-- com.minimizedScenariosExtentReport.Check_MarkComparision -->
