<?xml version="1.0" encoding="UTF-8"?>
<!-- Generated by org.testng.reporters.JUnitReportReporter -->
<testsuite skipped="0" hostname="CSMBHUL251" name="com.minimizedScenariosExtentReport.ExamType" tests="3" failures="0" timestamp="2020-07-02T09:53:48 IST" time="32.467" errors="0">
  <testcase name="ExamType_Annual" time="1.087" classname="com.minimizedScenariosExtentReport.ExamType"/>
  <system-out/>
  <testcase name="Examtype_Supplementary" time="0.575" classname="com.minimizedScenariosExtentReport.ExamType"/>
  <system-out/>
  <testcase name="ChildrenOfMatrys_Apply" time="30.805" classname="com.minimizedScenariosExtentReport.ExamType"/>
  <system-out/>
</testsuite> <!-- com.minimizedScenariosExtentReport.ExamType -->
