<?xml version="1.0" encoding="UTF-8"?>
<!-- Generated by org.testng.reporters.JUnitReportReporter -->
<testsuite skipped="0" hostname="CSMBHUL251" name="com.minimizedScenariosExtentReport.Alloutside_StateANDWithoutreservation" tests="2" failures="0" timestamp="2020-07-04T16:16:36 IST" time="36.574" errors="0">
  <testcase name="Alloutside_State" time="26.387" classname="com.minimizedScenariosExtentReport.Alloutside_StateANDWithoutreservation"/>
  <system-out/>
  <testcase name="Withoutreservation" time="10.187" classname="com.minimizedScenariosExtentReport.Alloutside_StateANDWithoutreservation"/>
  <system-out/>
</testsuite> <!-- com.minimizedScenariosExtentReport.Alloutside_StateANDWithoutreservation -->
