<?xml version="1.0" encoding="UTF-8"?>
<!-- Generated by org.testng.reporters.JUnitReportReporter -->
<testsuite skipped="0" hostname="CSMBHUL251" name="com.minimizedScenariosExtentReport.CAFTest" tests="7" failures="0" timestamp="2020-07-04T11:21:58 IST" time="310.135" errors="0">
  <testcase name="MALECandidate_CAF_Apply" time="66.061" classname="com.minimizedScenariosExtentReport.CAFTest"/>
  <system-out/>
  <testcase name="femaleCandidate" time="7.014" classname="com.minimizedScenariosExtentReport.CAFTest"/>
  <system-out/>
  <testcase name="Transgender_Candidate_CAF_Apply" time="73.978" classname="com.minimizedScenariosExtentReport.CAFTest"/>
  <system-out/>
  <testcase name="Minimum_10thpercentage_Apply_CAF" time="14.023" classname="com.minimizedScenariosExtentReport.CAFTest"/>
  <system-out/>
  <testcase name="CAFApply_10thpasscompartmental" time="2.076" classname="com.minimizedScenariosExtentReport.CAFTest"/>
  <system-out/>
  <testcase name="CAF_NotAccept_Lessthan5preference" time="119.155" classname="com.minimizedScenariosExtentReport.CAFTest"/>
  <system-out/>
  <testcase name="CAF_Accept_Fivepreference" time="27.828" classname="com.minimizedScenariosExtentReport.CAFTest"/>
  <system-out/>
</testsuite> <!-- com.minimizedScenariosExtentReport.CAFTest -->
