<?xml version="1.0" encoding="UTF-8"?>
<!-- Generated by org.testng.reporters.JUnitReportReporter -->
<testsuite skipped="0" hostname="CSMBHUL251" name="FieldText.VerifyWhiteSpace" tests="29" failures="0" timestamp="2020-07-14T18:14:24 IST" time="138.560" errors="5">
  <testcase name="finishExtentReport" time="3.702" classname="FieldText.VerifyWhiteSpace">
    <error type="java.lang.NullPointerException">
      <![CDATA[java.lang.NullPointerException
at FieldText.ExtentReportBase.finishExtentReport(ExtentReportBase.java:72)
at sun.reflect.NativeMethodAccessorImpl.invoke0(Native Method)
at sun.reflect.NativeMethodAccessorImpl.invoke(Unknown Source)
at sun.reflect.DelegatingMethodAccessorImpl.invoke(Unknown Source)
at java.lang.reflect.Method.invoke(Unknown Source)
at org.testng.internal.MethodInvocationHelper.invokeMethod(MethodInvocationHelper.java:135)
at org.testng.internal.MethodInvocationHelper.invokeMethodConsideringTimeout(MethodInvocationHelper.java:64)
at org.testng.internal.ConfigInvoker.invokeConfigurationMethod(ConfigInvoker.java:364)
at org.testng.internal.ConfigInvoker.invokeConfigurations(ConfigInvoker.java:318)
at org.testng.SuiteRunner.privateRun(SuiteRunner.java:351)
at org.testng.SuiteRunner.run(SuiteRunner.java:286)
at org.testng.SuiteRunnerWorker.runSuite(SuiteRunnerWorker.java:53)
at org.testng.SuiteRunnerWorker.run(SuiteRunnerWorker.java:96)
at org.testng.TestNG.runSuitesSequentially(TestNG.java:1214)
at org.testng.TestNG.runSuitesLocally(TestNG.java:1136)
at org.testng.TestNG.runSuites(TestNG.java:1066)
at org.testng.TestNG.run(TestNG.java:1034)
at org.testng.remote.AbstractRemoteTestNG.run(AbstractRemoteTestNG.java:115)
at org.testng.remote.RemoteTestNG.initAndRun(RemoteTestNG.java:251)
at org.testng.remote.RemoteTestNG.main(RemoteTestNG.java:77)
]]>
    </error>
  </testcase> <!-- finishExtentReport -->
  <system-out/>
  <testcase name="WhiteSpaceNotAllowInitialPlaceForAadharNumber" time="33.900" classname="FieldText.VerifyWhiteSpace">
    <error type="java.lang.NullPointerException">
      <![CDATA[java.lang.NullPointerException
at FieldText.VerifyWhiteSpace.WhiteSpaceNotAllowInitialPlaceForAadharNumber(VerifyWhiteSpace.java:93)
at sun.reflect.NativeMethodAccessorImpl.invoke0(Native Method)
at sun.reflect.NativeMethodAccessorImpl.invoke(Unknown Source)
at sun.reflect.DelegatingMethodAccessorImpl.invoke(Unknown Source)
at java.lang.reflect.Method.invoke(Unknown Source)
at org.testng.internal.MethodInvocationHelper.invokeMethod(MethodInvocationHelper.java:135)
at org.testng.internal.TestInvoker.invokeMethod(TestInvoker.java:598)
at org.testng.internal.TestInvoker.invokeTestMethod(TestInvoker.java:174)
at org.testng.internal.MethodRunner.runInSequence(MethodRunner.java:46)
at org.testng.internal.TestInvoker$MethodInvocationAgent.invoke(TestInvoker.java:821)
at org.testng.internal.TestInvoker.invokeTestMethods(TestInvoker.java:147)
at org.testng.internal.TestMethodWorker.invokeTestMethods(TestMethodWorker.java:146)
at org.testng.internal.TestMethodWorker.run(TestMethodWorker.java:128)
at java.util.ArrayList.forEach(Unknown Source)
at org.testng.TestRunner.privateRun(TestRunner.java:767)
at org.testng.TestRunner.run(TestRunner.java:588)
at org.testng.SuiteRunner.runTest(SuiteRunner.java:384)
at org.testng.SuiteRunner.runSequentially(SuiteRunner.java:378)
at org.testng.SuiteRunner.privateRun(SuiteRunner.java:337)
at org.testng.SuiteRunner.run(SuiteRunner.java:286)
at org.testng.SuiteRunnerWorker.runSuite(SuiteRunnerWorker.java:53)
at org.testng.SuiteRunnerWorker.run(SuiteRunnerWorker.java:96)
at org.testng.TestNG.runSuitesSequentially(TestNG.java:1214)
at org.testng.TestNG.runSuitesLocally(TestNG.java:1136)
at org.testng.TestNG.runSuites(TestNG.java:1066)
at org.testng.TestNG.run(TestNG.java:1034)
at org.testng.remote.AbstractRemoteTestNG.run(AbstractRemoteTestNG.java:115)
at org.testng.remote.RemoteTestNG.initAndRun(RemoteTestNG.java:251)
at org.testng.remote.RemoteTestNG.main(RemoteTestNG.java:77)
]]>
    </error>
  </testcase> <!-- WhiteSpaceNotAllowInitialPlaceForAadharNumber -->
  <system-out/>
  <testcase name="WhiteSpaceNotAllowLastPlaceForAadharNumber" time="0.758" classname="FieldText.VerifyWhiteSpace">
    <error type="java.lang.NullPointerException">
      <![CDATA[java.lang.NullPointerException
at FieldText.VerifyWhiteSpace.WhiteSpaceNotAllowLastPlaceForAadharNumber(VerifyWhiteSpace.java:137)
at sun.reflect.NativeMethodAccessorImpl.invoke0(Native Method)
at sun.reflect.NativeMethodAccessorImpl.invoke(Unknown Source)
at sun.reflect.DelegatingMethodAccessorImpl.invoke(Unknown Source)
at java.lang.reflect.Method.invoke(Unknown Source)
at org.testng.internal.MethodInvocationHelper.invokeMethod(MethodInvocationHelper.java:135)
at org.testng.internal.TestInvoker.invokeMethod(TestInvoker.java:598)
at org.testng.internal.TestInvoker.invokeTestMethod(TestInvoker.java:174)
at org.testng.internal.MethodRunner.runInSequence(MethodRunner.java:46)
at org.testng.internal.TestInvoker$MethodInvocationAgent.invoke(TestInvoker.java:821)
at org.testng.internal.TestInvoker.invokeTestMethods(TestInvoker.java:147)
at org.testng.internal.TestMethodWorker.invokeTestMethods(TestMethodWorker.java:146)
at org.testng.internal.TestMethodWorker.run(TestMethodWorker.java:128)
at java.util.ArrayList.forEach(Unknown Source)
at org.testng.TestRunner.privateRun(TestRunner.java:767)
at org.testng.TestRunner.run(TestRunner.java:588)
at org.testng.SuiteRunner.runTest(SuiteRunner.java:384)
at org.testng.SuiteRunner.runSequentially(SuiteRunner.java:378)
at org.testng.SuiteRunner.privateRun(SuiteRunner.java:337)
at org.testng.SuiteRunner.run(SuiteRunner.java:286)
at org.testng.SuiteRunnerWorker.runSuite(SuiteRunnerWorker.java:53)
at org.testng.SuiteRunnerWorker.run(SuiteRunnerWorker.java:96)
at org.testng.TestNG.runSuitesSequentially(TestNG.java:1214)
at org.testng.TestNG.runSuitesLocally(TestNG.java:1136)
at org.testng.TestNG.runSuites(TestNG.java:1066)
at org.testng.TestNG.run(TestNG.java:1034)
at org.testng.remote.AbstractRemoteTestNG.run(AbstractRemoteTestNG.java:115)
at org.testng.remote.RemoteTestNG.initAndRun(RemoteTestNG.java:251)
at org.testng.remote.RemoteTestNG.main(RemoteTestNG.java:77)
]]>
    </error>
  </testcase> <!-- WhiteSpaceNotAllowLastPlaceForAadharNumber -->
  <system-out/>
  <testcase name="WhiteSpaceNotAllowMiddlePlaceForAadharNumber" time="0.645" classname="FieldText.VerifyWhiteSpace">
    <error type="java.lang.NullPointerException">
      <![CDATA[java.lang.NullPointerException
at FieldText.VerifyWhiteSpace.WhiteSpaceNotAllowMiddlePlaceForAadharNumber(VerifyWhiteSpace.java:180)
at sun.reflect.NativeMethodAccessorImpl.invoke0(Native Method)
at sun.reflect.NativeMethodAccessorImpl.invoke(Unknown Source)
at sun.reflect.DelegatingMethodAccessorImpl.invoke(Unknown Source)
at java.lang.reflect.Method.invoke(Unknown Source)
at org.testng.internal.MethodInvocationHelper.invokeMethod(MethodInvocationHelper.java:135)
at org.testng.internal.TestInvoker.invokeMethod(TestInvoker.java:598)
at org.testng.internal.TestInvoker.invokeTestMethod(TestInvoker.java:174)
at org.testng.internal.MethodRunner.runInSequence(MethodRunner.java:46)
at org.testng.internal.TestInvoker$MethodInvocationAgent.invoke(TestInvoker.java:821)
at org.testng.internal.TestInvoker.invokeTestMethods(TestInvoker.java:147)
at org.testng.internal.TestMethodWorker.invokeTestMethods(TestMethodWorker.java:146)
at org.testng.internal.TestMethodWorker.run(TestMethodWorker.java:128)
at java.util.ArrayList.forEach(Unknown Source)
at org.testng.TestRunner.privateRun(TestRunner.java:767)
at org.testng.TestRunner.run(TestRunner.java:588)
at org.testng.SuiteRunner.runTest(SuiteRunner.java:384)
at org.testng.SuiteRunner.runSequentially(SuiteRunner.java:378)
at org.testng.SuiteRunner.privateRun(SuiteRunner.java:337)
at org.testng.SuiteRunner.run(SuiteRunner.java:286)
at org.testng.SuiteRunnerWorker.runSuite(SuiteRunnerWorker.java:53)
at org.testng.SuiteRunnerWorker.run(SuiteRunnerWorker.java:96)
at org.testng.TestNG.runSuitesSequentially(TestNG.java:1214)
at org.testng.TestNG.runSuitesLocally(TestNG.java:1136)
at org.testng.TestNG.runSuites(TestNG.java:1066)
at org.testng.TestNG.run(TestNG.java:1034)
at org.testng.remote.AbstractRemoteTestNG.run(AbstractRemoteTestNG.java:115)
at org.testng.remote.RemoteTestNG.initAndRun(RemoteTestNG.java:251)
at org.testng.remote.RemoteTestNG.main(RemoteTestNG.java:77)
]]>
    </error>
  </testcase> <!-- WhiteSpaceNotAllowMiddlePlaceForAadharNumber -->
  <system-out/>
  <testcase name="WhiteSpaceNotAllowInitialPlaceForMobileNo" time="0.305" classname="FieldText.VerifyWhiteSpace">
    <error type="org.openqa.selenium.UnhandledAlertException" message="unexpected alert open: {Alert text : Invalid Aadhaar number}
  (Session info: chrome=83.0.4103.116): Invalid Aadhaar number
Build info: version: &#039;3.141.59&#039;, revision: &#039;e82be7d358&#039;, time: &#039;2018-11-14T08:17:03&#039;
System info: host: &#039;CSMBHUL251&#039;, ip: &#039;10.0.75.1&#039;, os.name: &#039;Windows 10&#039;, os.arch: &#039;amd64&#039;, os.version: &#039;10.0&#039;, java.version: &#039;1.8.0_181&#039;
Driver info: org.openqa.selenium.chrome.ChromeDriver
Capabilities {acceptInsecureCerts: false, browserName: chrome, browserVersion: 83.0.4103.116, chrome: {chromedriverVersion: 83.0.4103.39 (ccbf011cb2d2b..., userDataDir: C:\Users\SATYAR~1.M\AppData...}, goog:chromeOptions: {debuggerAddress: localhost:54626}, javascriptEnabled: true, networkConnectionEnabled: false, pageLoadStrategy: normal, platform: WINDOWS, platformName: WINDOWS, proxy: Proxy(), setWindowRect: true, strictFileInteractability: false, timeouts: {implicit: 0, pageLoad: 300000, script: 30000}, unhandledPromptBehavior: dismiss and notify, webauthn:virtualAuthenticators: true}
Session ID: 37a5413cb10f826ac2a404faac4d0fec
*** Element info: {Using=id, value=txtParentMob}">
      <![CDATA[org.openqa.selenium.UnhandledAlertException: unexpected alert open: {Alert text : Invalid Aadhaar number}
  (Session info: chrome=83.0.4103.116): Invalid Aadhaar number
Build info: version: '3.141.59', revision: 'e82be7d358', time: '2018-11-14T08:17:03'
System info: host: 'CSMBHUL251', ip: '10.0.75.1', os.name: 'Windows 10', os.arch: 'amd64', os.version: '10.0', java.version: '1.8.0_181'
Driver info: org.openqa.selenium.chrome.ChromeDriver
Capabilities {acceptInsecureCerts: false, browserName: chrome, browserVersion: 83.0.4103.116, chrome: {chromedriverVersion: 83.0.4103.39 (ccbf011cb2d2b..., userDataDir: C:\Users\SATYAR~1.M\AppData...}, goog:chromeOptions: {debuggerAddress: localhost:54626}, javascriptEnabled: true, networkConnectionEnabled: false, pageLoadStrategy: normal, platform: WINDOWS, platformName: WINDOWS, proxy: Proxy(), setWindowRect: true, strictFileInteractability: false, timeouts: {implicit: 0, pageLoad: 300000, script: 30000}, unhandledPromptBehavior: dismiss and notify, webauthn:virtualAuthenticators: true}
Session ID: 37a5413cb10f826ac2a404faac4d0fec
*** Element info: {Using=id, value=txtParentMob}
at org.openqa.selenium.remote.http.W3CHttpResponseCodec.decode(W3CHttpResponseCodec.java:120)
at org.openqa.selenium.remote.http.W3CHttpResponseCodec.decode(W3CHttpResponseCodec.java:49)
at org.openqa.selenium.remote.HttpCommandExecutor.execute(HttpCommandExecutor.java:158)
at org.openqa.selenium.remote.service.DriverCommandExecutor.execute(DriverCommandExecutor.java:83)
at org.openqa.selenium.remote.RemoteWebDriver.execute(RemoteWebDriver.java:552)
at org.openqa.selenium.remote.RemoteWebDriver.findElement(RemoteWebDriver.java:323)
at org.openqa.selenium.remote.RemoteWebDriver.findElementById(RemoteWebDriver.java:372)
at org.openqa.selenium.By$ById.findElement(By.java:188)
at org.openqa.selenium.remote.RemoteWebDriver.findElement(RemoteWebDriver.java:315)
at Genericlib.CommonFunction.enterText(CommonFunction.java:98)
at FieldText.VerifyWhiteSpace.WhiteSpaceNotAllowInitialPlaceForMobileNo(VerifyWhiteSpace.java:222)
at sun.reflect.NativeMethodAccessorImpl.invoke0(Native Method)
at sun.reflect.NativeMethodAccessorImpl.invoke(Unknown Source)
at sun.reflect.DelegatingMethodAccessorImpl.invoke(Unknown Source)
at java.lang.reflect.Method.invoke(Unknown Source)
at org.testng.internal.MethodInvocationHelper.invokeMethod(MethodInvocationHelper.java:135)
at org.testng.internal.TestInvoker.invokeMethod(TestInvoker.java:598)
at org.testng.internal.TestInvoker.invokeTestMethod(TestInvoker.java:174)
at org.testng.internal.MethodRunner.runInSequence(MethodRunner.java:46)
at org.testng.internal.TestInvoker$MethodInvocationAgent.invoke(TestInvoker.java:821)
at org.testng.internal.TestInvoker.invokeTestMethods(TestInvoker.java:147)
at org.testng.internal.TestMethodWorker.invokeTestMethods(TestMethodWorker.java:146)
at org.testng.internal.TestMethodWorker.run(TestMethodWorker.java:128)
at java.util.ArrayList.forEach(Unknown Source)
at org.testng.TestRunner.privateRun(TestRunner.java:767)
at org.testng.TestRunner.run(TestRunner.java:588)
at org.testng.SuiteRunner.runTest(SuiteRunner.java:384)
at org.testng.SuiteRunner.runSequentially(SuiteRunner.java:378)
at org.testng.SuiteRunner.privateRun(SuiteRunner.java:337)
at org.testng.SuiteRunner.run(SuiteRunner.java:286)
at org.testng.SuiteRunnerWorker.runSuite(SuiteRunnerWorker.java:53)
at org.testng.SuiteRunnerWorker.run(SuiteRunnerWorker.java:96)
at org.testng.TestNG.runSuitesSequentially(TestNG.java:1214)
at org.testng.TestNG.runSuitesLocally(TestNG.java:1136)
at org.testng.TestNG.runSuites(TestNG.java:1066)
at org.testng.TestNG.run(TestNG.java:1034)
at org.testng.remote.AbstractRemoteTestNG.run(AbstractRemoteTestNG.java:115)
at org.testng.remote.RemoteTestNG.initAndRun(RemoteTestNG.java:251)
at org.testng.remote.RemoteTestNG.main(RemoteTestNG.java:77)
]]>
    </error>
  </testcase> <!-- WhiteSpaceNotAllowInitialPlaceForMobileNo -->
  <system-out/>
  <testcase name="WhiteSpaceNotAllowLastPlaceForMobileNo" time="3.114" classname="FieldText.VerifyWhiteSpace"/>
  <system-out/>
  <testcase name="WhiteSpaceNotAllowMiddlePlaceForMobileNo" time="3.046" classname="FieldText.VerifyWhiteSpace"/>
  <system-out/>
  <testcase name="WhiteSpaceNotAllowInitialPlaceForPinCode" time="3.383" classname="FieldText.VerifyWhiteSpace"/>
  <system-out/>
  <testcase name="WhiteSpaceNotAllowLastPlaceForPinCode" time="2.920" classname="FieldText.VerifyWhiteSpace"/>
  <system-out/>
  <testcase name="WhiteSpaceNotAllowInitialPlaceForAreaCode" time="3.428" classname="FieldText.VerifyWhiteSpace"/>
  <system-out/>
  <testcase name="WhiteSpaceNotAllowLastPlaceForAreaCode" time="3.007" classname="FieldText.VerifyWhiteSpace"/>
  <system-out/>
  <testcase name="WhiteSpaceNotAllowInitialPlaceForPhoneNo" time="3.565" classname="FieldText.VerifyWhiteSpace"/>
  <system-out/>
  <testcase name="WhiteSpaceNotAllowLastPlaceForPhoneNo" time="3.156" classname="FieldText.VerifyWhiteSpace"/>
  <system-out/>
  <testcase name="WhiteSpaceNotAllowInitialPlaceForMaximumMark" time="3.603" classname="FieldText.VerifyWhiteSpace"/>
  <system-out/>
  <testcase name="WhiteSpaceNotAllowLastPlaceForMaximumMark" time="4.032" classname="FieldText.VerifyWhiteSpace"/>
  <system-out/>
  <testcase name="WhiteSpaceNotAllowInitialPlaceForSecuredMark" time="3.533" classname="FieldText.VerifyWhiteSpace"/>
  <system-out/>
  <testcase name="WhiteSpaceNotAllowLastPlaceForSecuredMark" time="3.022" classname="FieldText.VerifyWhiteSpace"/>
  <system-out/>
  <testcase name="WhiteSpaceNotAllowInitialPlaceForEnglish" time="3.473" classname="FieldText.VerifyWhiteSpace"/>
  <system-out/>
  <testcase name="WhiteSpaceNotAllowLastPlaceForEnglish" time="2.955" classname="FieldText.VerifyWhiteSpace"/>
  <system-out/>
  <testcase name="WhiteSpaceNotAllowInitialPlaceForMath" time="3.445" classname="FieldText.VerifyWhiteSpace"/>
  <system-out/>
  <testcase name="WhiteSpaceNotAllowLastPlaceForMath" time="2.897" classname="FieldText.VerifyWhiteSpace"/>
  <system-out/>
  <testcase name="WhiteSpaceNotAllowInitialPlaceForScience" time="3.432" classname="FieldText.VerifyWhiteSpace"/>
  <system-out/>
  <testcase name="WhiteSpaceNotAllowLastPlaceForScience" time="2.955" classname="FieldText.VerifyWhiteSpace"/>
  <system-out/>
  <testcase name="WhiteSpaceNotAllowInitialPlaceForSocialScience" time="3.458" classname="FieldText.VerifyWhiteSpace"/>
  <system-out/>
  <testcase name="WhiteSpaceNotAllowLastPlaceForSocialScience" time="2.955" classname="FieldText.VerifyWhiteSpace"/>
  <system-out/>
  <testcase name="WhiteSpaceNotAllowInitialPlaceForAccountNumber" time="4.287" classname="FieldText.VerifyWhiteSpace"/>
  <system-out/>
  <testcase name="WhiteSpaceNotAllowLastPlaceForAccountNumber" time="9.314" classname="FieldText.VerifyWhiteSpace"/>
  <system-out/>
  <testcase name="WhiteSpaceNotAllowInitialPlaceForIFSCCode" time="9.733" classname="FieldText.VerifyWhiteSpace"/>
  <system-out/>
  <testcase name="WhiteSpaceNotAllowInitialPlaceForMICRCode" time="10.537" classname="FieldText.VerifyWhiteSpace"/>
  <system-out/>
</testsuite> <!-- FieldText.VerifyWhiteSpace -->
