<?xml version="1.0" encoding="UTF-8"?>
<!-- Generated by org.testng.reporters.JUnitReportReporter -->
<testsuite skipped="0" hostname="CSMBHUL251" name="com.minimizedScenariosExtentReport.VerifyFeespayment" tests="10" failures="0" timestamp="2020-07-02T09:53:48 IST" time="60.592" errors="0">
  <testcase name="VerifyTransgender_Feespayment" time="14.604" classname="com.minimizedScenariosExtentReport.VerifyFeespayment"/>
  <system-out/>
  <testcase name="VerifyORPHAN_Feespayment" time="16.262" classname="com.minimizedScenariosExtentReport.VerifyFeespayment"/>
  <system-out/>
  <testcase name="VerifyST_Feespayment" time="12.853" classname="com.minimizedScenariosExtentReport.VerifyFeespayment"/>
  <system-out/>
  <testcase name="VerifySC_Feespayment" time="2.282" classname="com.minimizedScenariosExtentReport.VerifyFeespayment"/>
  <system-out/>
  <testcase name="VerifyOBC_Feespayment" time="2.234" classname="com.minimizedScenariosExtentReport.VerifyFeespayment"/>
  <system-out/>
  <testcase name="Verify_SEBC_Feespayment" time="2.270" classname="com.minimizedScenariosExtentReport.VerifyFeespayment"/>
  <system-out/>
  <testcase name="VerifyGeneral_Feespayment" time="2.269" classname="com.minimizedScenariosExtentReport.VerifyFeespayment"/>
  <system-out/>
  <testcase name="VerifyPWD_Feespayment" time="6.323" classname="com.minimizedScenariosExtentReport.VerifyFeespayment"/>
  <system-out/>
  <testcase name="ExServiceman_Apply" time="0.743" classname="com.minimizedScenariosExtentReport.VerifyFeespayment"/>
  <system-out/>
  <testcase name="SDP_Apply" time="0.752" classname="com.minimizedScenariosExtentReport.VerifyFeespayment"/>
  <system-out/>
</testsuite> <!-- com.minimizedScenariosExtentReport.VerifyFeespayment -->
