<?xml version="1.0" encoding="UTF-8"?>
<!-- Generated by org.testng.reporters.JUnitReportReporter -->
<testsuite skipped="0" hostname="CSMBHUL251" name="com.minimizedScenariosExtentReport.AutoValidation" tests="3" failures="0" timestamp="2020-07-02T09:53:48 IST" time="37.772" errors="0">
  <testcase name="Verify10throllno_autovalidation_nonodishaboard" time="32.226" classname="com.minimizedScenariosExtentReport.AutoValidation"/>
  <system-out/>
  <testcase name="VerifyTenthrollno_autovalidation_before2013" time="1.669" classname="com.minimizedScenariosExtentReport.AutoValidation"/>
  <system-out/>
  <testcase name="VerifyTenththrollno_autovalidation" time="3.877" classname="com.minimizedScenariosExtentReport.AutoValidation"/>
  <system-out/>
</testsuite> <!-- com.minimizedScenariosExtentReport.AutoValidation -->
