<?xml version="1.0" encoding="UTF-8"?>
<!-- Generated by org.testng.reporters.JUnitReportReporter -->
<testsuite skipped="0" hostname="CSMBHUL251" name="FieldText.VerifySqlChar" tests="69" failures="0" timestamp="2020-07-14T18:14:24 IST" time="412.083" errors="3">
  <testcase name="SqlCharNotAllowInitialPlaceForApplicantName" time="31.414" classname="FieldText.VerifySqlChar"/>
  <system-out/>
  <testcase name="SqlCharNotAllowLastPlaceForApplicantName" time="3.247" classname="FieldText.VerifySqlChar"/>
  <system-out/>
  <testcase name="SqlCharNotAllowMiddlePlaceForApplicantName" time="3.167" classname="FieldText.VerifySqlChar"/>
  <system-out/>
  <testcase name="SqlCharNotAllowInitialPlaceForFatherName" time="3.098" classname="FieldText.VerifySqlChar"/>
  <system-out/>
  <testcase name="SqlCharNotAllowLastPlaceForFatherName" time="3.150" classname="FieldText.VerifySqlChar"/>
  <system-out/>
  <testcase name="SqlCharNotAllowMiddlePlaceForFatherName" time="3.336" classname="FieldText.VerifySqlChar"/>
  <system-out/>
  <testcase name="SqlCharNotAllowInitialPlaceForMotherName" time="3.251" classname="FieldText.VerifySqlChar"/>
  <system-out/>
  <testcase name="SqlCharNotAllowLastPlaceForMotherName" time="3.282" classname="FieldText.VerifySqlChar"/>
  <system-out/>
  <testcase name="SqlCharNotAllowMiddlePlaceForMotherName" time="3.236" classname="FieldText.VerifySqlChar"/>
  <system-out/>
  <testcase name="SqlCharNotAllowInitialPlaceForAadharNumber" time="1.574" classname="FieldText.VerifySqlChar">
    <error type="java.lang.NullPointerException">
      <![CDATA[java.lang.NullPointerException
at FieldText.VerifySqlChar.SqlCharNotAllowInitialPlaceForAadharNumber(VerifySqlChar.java:482)
at sun.reflect.NativeMethodAccessorImpl.invoke0(Native Method)
at sun.reflect.NativeMethodAccessorImpl.invoke(Unknown Source)
at sun.reflect.DelegatingMethodAccessorImpl.invoke(Unknown Source)
at java.lang.reflect.Method.invoke(Unknown Source)
at org.testng.internal.MethodInvocationHelper.invokeMethod(MethodInvocationHelper.java:135)
at org.testng.internal.TestInvoker.invokeMethod(TestInvoker.java:598)
at org.testng.internal.TestInvoker.invokeTestMethod(TestInvoker.java:174)
at org.testng.internal.MethodRunner.runInSequence(MethodRunner.java:46)
at org.testng.internal.TestInvoker$MethodInvocationAgent.invoke(TestInvoker.java:821)
at org.testng.internal.TestInvoker.invokeTestMethods(TestInvoker.java:147)
at org.testng.internal.TestMethodWorker.invokeTestMethods(TestMethodWorker.java:146)
at org.testng.internal.TestMethodWorker.run(TestMethodWorker.java:128)
at java.util.ArrayList.forEach(Unknown Source)
at org.testng.TestRunner.privateRun(TestRunner.java:767)
at org.testng.TestRunner.run(TestRunner.java:588)
at org.testng.SuiteRunner.runTest(SuiteRunner.java:384)
at org.testng.SuiteRunner.runSequentially(SuiteRunner.java:378)
at org.testng.SuiteRunner.privateRun(SuiteRunner.java:337)
at org.testng.SuiteRunner.run(SuiteRunner.java:286)
at org.testng.SuiteRunnerWorker.runSuite(SuiteRunnerWorker.java:53)
at org.testng.SuiteRunnerWorker.run(SuiteRunnerWorker.java:96)
at org.testng.TestNG.runSuitesSequentially(TestNG.java:1214)
at org.testng.TestNG.runSuitesLocally(TestNG.java:1136)
at org.testng.TestNG.runSuites(TestNG.java:1066)
at org.testng.TestNG.run(TestNG.java:1034)
at org.testng.remote.AbstractRemoteTestNG.run(AbstractRemoteTestNG.java:115)
at org.testng.remote.RemoteTestNG.initAndRun(RemoteTestNG.java:251)
at org.testng.remote.RemoteTestNG.main(RemoteTestNG.java:77)
]]>
    </error>
  </testcase> <!-- SqlCharNotAllowInitialPlaceForAadharNumber -->
  <system-out/>
  <testcase name="SqlCharNotAllowLastPlaceForAadharNumber" time="0.308" classname="FieldText.VerifySqlChar">
    <error type="org.openqa.selenium.UnhandledAlertException" message="unexpected alert open: {Alert text : Invalid Aadhaar number}
  (Session info: chrome=83.0.4103.116): Invalid Aadhaar number
Build info: version: &#039;3.141.59&#039;, revision: &#039;e82be7d358&#039;, time: &#039;2018-11-14T08:17:03&#039;
System info: host: &#039;CSMBHUL251&#039;, ip: &#039;10.0.75.1&#039;, os.name: &#039;Windows 10&#039;, os.arch: &#039;amd64&#039;, os.version: &#039;10.0&#039;, java.version: &#039;1.8.0_181&#039;
Driver info: org.openqa.selenium.chrome.ChromeDriver
Capabilities {acceptInsecureCerts: false, browserName: chrome, browserVersion: 83.0.4103.116, chrome: {chromedriverVersion: 83.0.4103.39 (ccbf011cb2d2b..., userDataDir: C:\Users\SATYAR~1.M\AppData...}, goog:chromeOptions: {debuggerAddress: localhost:54523}, javascriptEnabled: true, networkConnectionEnabled: false, pageLoadStrategy: normal, platform: WINDOWS, platformName: WINDOWS, proxy: Proxy(), setWindowRect: true, strictFileInteractability: false, timeouts: {implicit: 0, pageLoad: 300000, script: 30000}, unhandledPromptBehavior: dismiss and notify, webauthn:virtualAuthenticators: true}
Session ID: 9bf8677433fc1c5d1a9a8bd2be579555
*** Element info: {Using=id, value=txtadhar}">
      <![CDATA[org.openqa.selenium.UnhandledAlertException: unexpected alert open: {Alert text : Invalid Aadhaar number}
  (Session info: chrome=83.0.4103.116): Invalid Aadhaar number
Build info: version: '3.141.59', revision: 'e82be7d358', time: '2018-11-14T08:17:03'
System info: host: 'CSMBHUL251', ip: '10.0.75.1', os.name: 'Windows 10', os.arch: 'amd64', os.version: '10.0', java.version: '1.8.0_181'
Driver info: org.openqa.selenium.chrome.ChromeDriver
Capabilities {acceptInsecureCerts: false, browserName: chrome, browserVersion: 83.0.4103.116, chrome: {chromedriverVersion: 83.0.4103.39 (ccbf011cb2d2b..., userDataDir: C:\Users\SATYAR~1.M\AppData...}, goog:chromeOptions: {debuggerAddress: localhost:54523}, javascriptEnabled: true, networkConnectionEnabled: false, pageLoadStrategy: normal, platform: WINDOWS, platformName: WINDOWS, proxy: Proxy(), setWindowRect: true, strictFileInteractability: false, timeouts: {implicit: 0, pageLoad: 300000, script: 30000}, unhandledPromptBehavior: dismiss and notify, webauthn:virtualAuthenticators: true}
Session ID: 9bf8677433fc1c5d1a9a8bd2be579555
*** Element info: {Using=id, value=txtadhar}
at org.openqa.selenium.remote.http.W3CHttpResponseCodec.decode(W3CHttpResponseCodec.java:120)
at org.openqa.selenium.remote.http.W3CHttpResponseCodec.decode(W3CHttpResponseCodec.java:49)
at org.openqa.selenium.remote.HttpCommandExecutor.execute(HttpCommandExecutor.java:158)
at org.openqa.selenium.remote.service.DriverCommandExecutor.execute(DriverCommandExecutor.java:83)
at org.openqa.selenium.remote.RemoteWebDriver.execute(RemoteWebDriver.java:552)
at org.openqa.selenium.remote.RemoteWebDriver.findElement(RemoteWebDriver.java:323)
at org.openqa.selenium.remote.RemoteWebDriver.findElementById(RemoteWebDriver.java:372)
at org.openqa.selenium.By$ById.findElement(By.java:188)
at org.openqa.selenium.remote.RemoteWebDriver.findElement(RemoteWebDriver.java:315)
at Genericlib.CommonFunction.enterText(CommonFunction.java:98)
at FieldText.VerifySqlChar.SqlCharNotAllowLastPlaceForAadharNumber(VerifySqlChar.java:523)
at sun.reflect.NativeMethodAccessorImpl.invoke0(Native Method)
at sun.reflect.NativeMethodAccessorImpl.invoke(Unknown Source)
at sun.reflect.DelegatingMethodAccessorImpl.invoke(Unknown Source)
at java.lang.reflect.Method.invoke(Unknown Source)
at org.testng.internal.MethodInvocationHelper.invokeMethod(MethodInvocationHelper.java:135)
at org.testng.internal.TestInvoker.invokeMethod(TestInvoker.java:598)
at org.testng.internal.TestInvoker.invokeTestMethod(TestInvoker.java:174)
at org.testng.internal.MethodRunner.runInSequence(MethodRunner.java:46)
at org.testng.internal.TestInvoker$MethodInvocationAgent.invoke(TestInvoker.java:821)
at org.testng.internal.TestInvoker.invokeTestMethods(TestInvoker.java:147)
at org.testng.internal.TestMethodWorker.invokeTestMethods(TestMethodWorker.java:146)
at org.testng.internal.TestMethodWorker.run(TestMethodWorker.java:128)
at java.util.ArrayList.forEach(Unknown Source)
at org.testng.TestRunner.privateRun(TestRunner.java:767)
at org.testng.TestRunner.run(TestRunner.java:588)
at org.testng.SuiteRunner.runTest(SuiteRunner.java:384)
at org.testng.SuiteRunner.runSequentially(SuiteRunner.java:378)
at org.testng.SuiteRunner.privateRun(SuiteRunner.java:337)
at org.testng.SuiteRunner.run(SuiteRunner.java:286)
at org.testng.SuiteRunnerWorker.runSuite(SuiteRunnerWorker.java:53)
at org.testng.SuiteRunnerWorker.run(SuiteRunnerWorker.java:96)
at org.testng.TestNG.runSuitesSequentially(TestNG.java:1214)
at org.testng.TestNG.runSuitesLocally(TestNG.java:1136)
at org.testng.TestNG.runSuites(TestNG.java:1066)
at org.testng.TestNG.run(TestNG.java:1034)
at org.testng.remote.AbstractRemoteTestNG.run(AbstractRemoteTestNG.java:115)
at org.testng.remote.RemoteTestNG.initAndRun(RemoteTestNG.java:251)
at org.testng.remote.RemoteTestNG.main(RemoteTestNG.java:77)
]]>
    </error>
  </testcase> <!-- SqlCharNotAllowLastPlaceForAadharNumber -->
  <system-out/>
  <testcase name="SqlCharNotAllowMiddlePlaceForAadharNumber" time="1.663" classname="FieldText.VerifySqlChar">
    <error type="org.openqa.selenium.UnhandledAlertException" message="unexpected alert open: {Alert text : Invalid Aadhaar number}
  (Session info: chrome=83.0.4103.116): Invalid Aadhaar number
Build info: version: &#039;3.141.59&#039;, revision: &#039;e82be7d358&#039;, time: &#039;2018-11-14T08:17:03&#039;
System info: host: &#039;CSMBHUL251&#039;, ip: &#039;10.0.75.1&#039;, os.name: &#039;Windows 10&#039;, os.arch: &#039;amd64&#039;, os.version: &#039;10.0&#039;, java.version: &#039;1.8.0_181&#039;
Driver info: org.openqa.selenium.chrome.ChromeDriver
Capabilities {acceptInsecureCerts: false, browserName: chrome, browserVersion: 83.0.4103.116, chrome: {chromedriverVersion: 83.0.4103.39 (ccbf011cb2d2b..., userDataDir: C:\Users\SATYAR~1.M\AppData...}, goog:chromeOptions: {debuggerAddress: localhost:54523}, javascriptEnabled: true, networkConnectionEnabled: false, pageLoadStrategy: normal, platform: WINDOWS, platformName: WINDOWS, proxy: Proxy(), setWindowRect: true, strictFileInteractability: false, timeouts: {implicit: 0, pageLoad: 300000, script: 30000}, unhandledPromptBehavior: dismiss and notify, webauthn:virtualAuthenticators: true}
Session ID: 9bf8677433fc1c5d1a9a8bd2be579555
*** Element info: {Using=id, value=popup_message}">
      <![CDATA[org.openqa.selenium.UnhandledAlertException: unexpected alert open: {Alert text : Invalid Aadhaar number}
  (Session info: chrome=83.0.4103.116): Invalid Aadhaar number
Build info: version: '3.141.59', revision: 'e82be7d358', time: '2018-11-14T08:17:03'
System info: host: 'CSMBHUL251', ip: '10.0.75.1', os.name: 'Windows 10', os.arch: 'amd64', os.version: '10.0', java.version: '1.8.0_181'
Driver info: org.openqa.selenium.chrome.ChromeDriver
Capabilities {acceptInsecureCerts: false, browserName: chrome, browserVersion: 83.0.4103.116, chrome: {chromedriverVersion: 83.0.4103.39 (ccbf011cb2d2b..., userDataDir: C:\Users\SATYAR~1.M\AppData...}, goog:chromeOptions: {debuggerAddress: localhost:54523}, javascriptEnabled: true, networkConnectionEnabled: false, pageLoadStrategy: normal, platform: WINDOWS, platformName: WINDOWS, proxy: Proxy(), setWindowRect: true, strictFileInteractability: false, timeouts: {implicit: 0, pageLoad: 300000, script: 30000}, unhandledPromptBehavior: dismiss and notify, webauthn:virtualAuthenticators: true}
Session ID: 9bf8677433fc1c5d1a9a8bd2be579555
*** Element info: {Using=id, value=popup_message}
at org.openqa.selenium.remote.http.W3CHttpResponseCodec.decode(W3CHttpResponseCodec.java:120)
at org.openqa.selenium.remote.http.W3CHttpResponseCodec.decode(W3CHttpResponseCodec.java:49)
at org.openqa.selenium.remote.HttpCommandExecutor.execute(HttpCommandExecutor.java:158)
at org.openqa.selenium.remote.service.DriverCommandExecutor.execute(DriverCommandExecutor.java:83)
at org.openqa.selenium.remote.RemoteWebDriver.execute(RemoteWebDriver.java:552)
at org.openqa.selenium.remote.RemoteWebDriver.findElement(RemoteWebDriver.java:323)
at org.openqa.selenium.remote.RemoteWebDriver.findElementById(RemoteWebDriver.java:372)
at org.openqa.selenium.By$ById.findElement(By.java:188)
at org.openqa.selenium.remote.RemoteWebDriver.findElement(RemoteWebDriver.java:315)
at Genericlib.CommonFunction.grtpopup(CommonFunction.java:109)
at FieldText.VerifySqlChar.SqlCharNotAllowMiddlePlaceForAadharNumber(VerifySqlChar.java:570)
at sun.reflect.NativeMethodAccessorImpl.invoke0(Native Method)
at sun.reflect.NativeMethodAccessorImpl.invoke(Unknown Source)
at sun.reflect.DelegatingMethodAccessorImpl.invoke(Unknown Source)
at java.lang.reflect.Method.invoke(Unknown Source)
at org.testng.internal.MethodInvocationHelper.invokeMethod(MethodInvocationHelper.java:135)
at org.testng.internal.TestInvoker.invokeMethod(TestInvoker.java:598)
at org.testng.internal.TestInvoker.invokeTestMethod(TestInvoker.java:174)
at org.testng.internal.MethodRunner.runInSequence(MethodRunner.java:46)
at org.testng.internal.TestInvoker$MethodInvocationAgent.invoke(TestInvoker.java:821)
at org.testng.internal.TestInvoker.invokeTestMethods(TestInvoker.java:147)
at org.testng.internal.TestMethodWorker.invokeTestMethods(TestMethodWorker.java:146)
at org.testng.internal.TestMethodWorker.run(TestMethodWorker.java:128)
at java.util.ArrayList.forEach(Unknown Source)
at org.testng.TestRunner.privateRun(TestRunner.java:767)
at org.testng.TestRunner.run(TestRunner.java:588)
at org.testng.SuiteRunner.runTest(SuiteRunner.java:384)
at org.testng.SuiteRunner.runSequentially(SuiteRunner.java:378)
at org.testng.SuiteRunner.privateRun(SuiteRunner.java:337)
at org.testng.SuiteRunner.run(SuiteRunner.java:286)
at org.testng.SuiteRunnerWorker.runSuite(SuiteRunnerWorker.java:53)
at org.testng.SuiteRunnerWorker.run(SuiteRunnerWorker.java:96)
at org.testng.TestNG.runSuitesSequentially(TestNG.java:1214)
at org.testng.TestNG.runSuitesLocally(TestNG.java:1136)
at org.testng.TestNG.runSuites(TestNG.java:1066)
at org.testng.TestNG.run(TestNG.java:1034)
at org.testng.remote.AbstractRemoteTestNG.run(AbstractRemoteTestNG.java:115)
at org.testng.remote.RemoteTestNG.initAndRun(RemoteTestNG.java:251)
at org.testng.remote.RemoteTestNG.main(RemoteTestNG.java:77)
]]>
    </error>
  </testcase> <!-- SqlCharNotAllowMiddlePlaceForAadharNumber -->
  <system-out/>
  <testcase name="SqlCharNotAllowInitialPlaceForMobileNo" time="3.358" classname="FieldText.VerifySqlChar"/>
  <system-out/>
  <testcase name="SqlCharNotAllowLastPlaceForMobileNo" time="3.135" classname="FieldText.VerifySqlChar"/>
  <system-out/>
  <testcase name="SqlCharNotAllowMiddlePlaceForMobileNo" time="3.166" classname="FieldText.VerifySqlChar"/>
  <system-out/>
  <testcase name="SqlCharNotAllowInitialPlaceForPinCode" time="3.118" classname="FieldText.VerifySqlChar"/>
  <system-out/>
  <testcase name="SqlCharNotAllowLastPlaceForPinCode" time="3.060" classname="FieldText.VerifySqlChar"/>
  <system-out/>
  <testcase name="SqlCharNotAllowMiddlePlaceForPinCode" time="3.005" classname="FieldText.VerifySqlChar"/>
  <system-out/>
  <testcase name="SqlCharNotAllowInitialPlaceForAreaCode" time="3.126" classname="FieldText.VerifySqlChar"/>
  <system-out/>
  <testcase name="SqlCharNotAllowLastPlaceForAreaCode" time="2.997" classname="FieldText.VerifySqlChar"/>
  <system-out/>
  <testcase name="SqlCharNotAllowMiddlePlaceForAreaCode" time="3.000" classname="FieldText.VerifySqlChar"/>
  <system-out/>
  <testcase name="SqlCharNotAllowInitialPlaceForPhoneNo" time="3.117" classname="FieldText.VerifySqlChar"/>
  <system-out/>
  <testcase name="SqlCharNotAllowLastPlaceForPhoneNo" time="3.064" classname="FieldText.VerifySqlChar"/>
  <system-out/>
  <testcase name="SqlCharNotAllowMiddlePlaceForPhoneNo" time="2.984" classname="FieldText.VerifySqlChar"/>
  <system-out/>
  <testcase name="SqlCharNotAllowInitialPlaceForMaximumMark" time="3.052" classname="FieldText.VerifySqlChar"/>
  <system-out/>
  <testcase name="SqlCharNotAllowLastPlaceForMaximumMark" time="3.044" classname="FieldText.VerifySqlChar"/>
  <system-out/>
  <testcase name="SqlCharNotAllowMiddlePlaceForMaximumMark" time="3.153" classname="FieldText.VerifySqlChar"/>
  <system-out/>
  <testcase name="SqlCharNotAllowInitialPlaceForSecuredMark" time="3.028" classname="FieldText.VerifySqlChar"/>
  <system-out/>
  <testcase name="SqlCharNotAllowLastPlaceForSecuredMark" time="3.030" classname="FieldText.VerifySqlChar"/>
  <system-out/>
  <testcase name="SqlCharNotAllowMiddlePlaceForSecuredMark" time="2.920" classname="FieldText.VerifySqlChar"/>
  <system-out/>
  <testcase name="SqlCharNotAllowInitialPlaceForEnglish" time="3.033" classname="FieldText.VerifySqlChar"/>
  <system-out/>
  <testcase name="SqlCharNotAllowLastPlaceForEnglish" time="2.994" classname="FieldText.VerifySqlChar"/>
  <system-out/>
  <testcase name="SqlCharNotAllowMiddlePlaceForEnglish" time="2.935" classname="FieldText.VerifySqlChar"/>
  <system-out/>
  <testcase name="SqlCharNotAllowInitialPlaceForMath" time="3.069" classname="FieldText.VerifySqlChar"/>
  <system-out/>
  <testcase name="SqlCharNotAllowLastPlaceForMath" time="3.128" classname="FieldText.VerifySqlChar"/>
  <system-out/>
  <testcase name="SqlCharNotAllowMiddlePlaceForMath" time="2.985" classname="FieldText.VerifySqlChar"/>
  <system-out/>
  <testcase name="SqlCharNotAllowInitialPlaceForScience" time="3.099" classname="FieldText.VerifySqlChar"/>
  <system-out/>
  <testcase name="SqlCharNotAllowLastPlaceForScience" time="2.999" classname="FieldText.VerifySqlChar"/>
  <system-out/>
  <testcase name="SqlCharNotAllowMiddlePlaceForScience" time="3.116" classname="FieldText.VerifySqlChar"/>
  <system-out/>
  <testcase name="SqlCharNotAllowInitialPlaceForSocialScience" time="3.000" classname="FieldText.VerifySqlChar"/>
  <system-out/>
  <testcase name="SqlCharNotAllowLastPlaceForSocialScience" time="3.052" classname="FieldText.VerifySqlChar"/>
  <system-out/>
  <testcase name="SqlCharNotAllowMiddlePlaceForSocialScience" time="2.833" classname="FieldText.VerifySqlChar"/>
  <system-out/>
  <testcase name="SqlCharNotAllowInitialPlaceForAccountNumber" time="4.065" classname="FieldText.VerifySqlChar"/>
  <system-out/>
  <testcase name="SqlCharNotAllowLastPlaceForAccountNumber" time="9.417" classname="FieldText.VerifySqlChar"/>
  <system-out/>
  <testcase name="SqlCharNotAllowMiddlePlaceForAccountNumber" time="9.449" classname="FieldText.VerifySqlChar"/>
  <system-out/>
  <testcase name="SqlCharNotAllowInitialPlaceForIFSCCode" time="9.628" classname="FieldText.VerifySqlChar"/>
  <system-out/>
  <testcase name="SqlCharNotAllowLastPlaceForIFSCCode" time="9.578" classname="FieldText.VerifySqlChar"/>
  <system-out/>
  <testcase name="SqlCharNotAllowMiddlePlaceForIFSCCode" time="9.688" classname="FieldText.VerifySqlChar"/>
  <system-out/>
  <testcase name="SqlCharNotAllowInitialPlaceForMICRCode" time="9.084" classname="FieldText.VerifySqlChar"/>
  <system-out/>
  <testcase name="SqlCharNotAllowMiddlePlaceForMICRCode" time="8.999" classname="FieldText.VerifySqlChar"/>
  <system-out/>
  <testcase name="SqlCharNotAllowLastPlaceForMICRCode" time="9.099" classname="FieldText.VerifySqlChar"/>
  <system-out/>
  <testcase name="SqlCharNotAllowInitialPlaceForBankName" time="9.790" classname="FieldText.VerifySqlChar"/>
  <system-out/>
  <testcase name="SqlCharNotAllowLastPlaceForBankName" time="9.779" classname="FieldText.VerifySqlChar"/>
  <system-out/>
  <testcase name="SqlCharNotAllowMiddlePlaceForBankName" time="10.004" classname="FieldText.VerifySqlChar"/>
  <system-out/>
  <testcase name="SqlCharNotAllowInitialPlaceForBranchName" time="9.846" classname="FieldText.VerifySqlChar"/>
  <system-out/>
  <testcase name="SqlCharNotAllowLastPlaceForBranchName" time="9.798" classname="FieldText.VerifySqlChar"/>
  <system-out/>
  <testcase name="SqlCharNotAllowMiddlePlaceForBranchName" time="9.957" classname="FieldText.VerifySqlChar"/>
  <system-out/>
  <testcase name="SqlCharNotAllowInitialPlaceForSchoolName" time="9.874" classname="FieldText.VerifySqlChar"/>
  <system-out/>
  <testcase name="SqlCharNotAllowMiddlePlaceForSchoolName" time="9.984" classname="FieldText.VerifySqlChar"/>
  <system-out/>
  <testcase name="SqlCharNotAllowLastPlaceForSchoolName" time="9.784" classname="FieldText.VerifySqlChar"/>
  <system-out/>
  <testcase name="SqlCharNotAllowInitialPlaceForSchoolLocation" time="9.833" classname="FieldText.VerifySqlChar"/>
  <system-out/>
  <testcase name="SqlCharNotAllowLastPlaceForSchoolLocation" time="9.895" classname="FieldText.VerifySqlChar"/>
  <system-out/>
  <testcase name="SqlCharNotAllowMiddlePlaceForSchoolLocation" time="10.002" classname="FieldText.VerifySqlChar"/>
  <system-out/>
  <testcase name="SqlCharNotAllowInitialPlaceForFailMark" time="10.366" classname="FieldText.VerifySqlChar"/>
  <system-out/>
  <testcase name="SqlCharNotAllowLastPlaceForFailMark" time="10.310" classname="FieldText.VerifySqlChar"/>
  <system-out/>
  <testcase name="SqlCharNotAllowMiddlePlaceForFailMark" time="10.273" classname="FieldText.VerifySqlChar"/>
  <system-out/>
  <testcase name="SqlCharNotAllowInitialPlaceForPassMark" time="10.544" classname="FieldText.VerifySqlChar"/>
  <system-out/>
  <testcase name="SqlCharNotAllowMiddlePlaceForPassMark" time="10.349" classname="FieldText.VerifySqlChar"/>
  <system-out/>
  <testcase name="SqlCharNotAllowLastPlaceForPassMark" time="10.362" classname="FieldText.VerifySqlChar"/>
  <system-out/>
</testsuite> <!-- FieldText.VerifySqlChar -->
