<?xml version="1.0" encoding="UTF-8"?>
<!-- Generated by org.testng.reporters.JUnitReportReporter -->
<testsuite skipped="0" hostname="CSMBHUL251" name="com.minimizedScenariosExtentReport.Check_MarkComparision" tests="4" failures="0" timestamp="2020-07-02T13:28:09 IST" time="53.657" errors="0">
  <testcase name="Compare_TotalMarkSecured_MaxMark" time="27.236" classname="com.minimizedScenariosExtentReport.Check_MarkComparision"/>
  <system-out/>
  <testcase name="Compare_TotalMarkSecured_Sumofindividualmarks" time="1.864" classname="com.minimizedScenariosExtentReport.Check_MarkComparision"/>
  <system-out/>
  <testcase name="Compare_PassMarkCompartmental_FailMarkPrevious" time="2.523" classname="com.minimizedScenariosExtentReport.Check_MarkComparision"/>
  <system-out/>
  <testcase name="Minimum_PassPercentages_IndividualSubject" time="22.034" classname="com.minimizedScenariosExtentReport.Check_MarkComparision"/>
  <system-out/>
</testsuite> <!-- com.minimizedScenariosExtentReport.Check_MarkComparision -->
