<?xml version="1.0" encoding="UTF-8"?>
<!-- Generated by org.testng.reporters.JUnitReportReporter -->
<testsuite skipped="0" hostname="CSMBHUL251" name="com.minimizedScenariosExtentReport.OSACandidate_Apply" tests="2" failures="0" timestamp="2020-07-02T13:28:09 IST" time="62.310" errors="0">
  <testcase name="OSACandidate_OdishaBoard_Apply" time="30.869" classname="com.minimizedScenariosExtentReport.OSACandidate_Apply"/>
  <system-out/>
  <testcase name="OSACandidate_OtherBoard_Apply" time="31.441" classname="com.minimizedScenariosExtentReport.OSACandidate_Apply"/>
  <system-out/>
</testsuite> <!-- com.minimizedScenariosExtentReport.OSACandidate_Apply -->
