<?xml version="1.0" encoding="UTF-8"?>
<!-- Generated by org.testng.reporters.JUnitReportReporter -->
<testsuite skipped="0" hostname="CSMBHUL251" name="com.minimizedScenariosExtentReport.Mark_Grade" tests="4" failures="0" timestamp="2020-07-02T13:28:09 IST" time="2.848" errors="0">
  <testcase name="Mark_Grade_BPEKerela" time="0.984" classname="com.minimizedScenariosExtentReport.Mark_Grade"/>
  <system-out/>
  <testcase name="Mark_Grade_BSEAndhrapradesh" time="0.832" classname="com.minimizedScenariosExtentReport.Mark_Grade"/>
  <system-out/>
  <testcase name="Mark_Grade_BSEboard" time="0.532" classname="com.minimizedScenariosExtentReport.Mark_Grade"/>
  <system-out/>
  <testcase name="Mark_Grade_CBSEBoard" time="0.500" classname="com.minimizedScenariosExtentReport.Mark_Grade"/>
  <system-out/>
</testsuite> <!-- com.minimizedScenariosExtentReport.Mark_Grade -->
