<?xml version="1.0" encoding="UTF-8"?>
<!-- Generated by org.testng.reporters.JUnitReportReporter -->
<testsuite skipped="0" hostname="CSMBHUL251" name="com.minimizedScenariosExtentReport.ExamType" tests="3" failures="0" timestamp="2020-07-02T13:28:09 IST" time="32.682" errors="0">
  <testcase name="ExamType_Annual" time="0.841" classname="com.minimizedScenariosExtentReport.ExamType"/>
  <system-out/>
  <testcase name="Examtype_Supplementary" time="0.511" classname="com.minimizedScenariosExtentReport.ExamType"/>
  <system-out/>
  <testcase name="ChildrenOfMatrys_Apply" time="31.330" classname="com.minimizedScenariosExtentReport.ExamType"/>
  <system-out/>
</testsuite> <!-- com.minimizedScenariosExtentReport.ExamType -->
