<?xml version="1.0" encoding="UTF-8"?>
<!-- Generated by org.testng.reporters.JUnitReportReporter -->
<testsuite skipped="0" hostname="CSMBHUL251" name="com.minimizedScenariosExtentReport.Verify_Duplicate" tests="12" failures="0" timestamp="2020-07-02T13:28:09 IST" time="97.398" errors="0">
  <testcase name="Accept_DuplicateAadharnumber_Differentuser" time="2.329" classname="com.minimizedScenariosExtentReport.Verify_Duplicate"/>
  <system-out/>
  <testcase name="Accept_Duplicate_Guardianmobilenumber" time="3.835" classname="com.minimizedScenariosExtentReport.Verify_Duplicate"/>
  <system-out/>
  <testcase name="sameNumGuardianMobile" time="3.217" classname="com.minimizedScenariosExtentReport.Verify_Duplicate"/>
  <system-out/>
  <testcase name="Accept_DuplicateAddress_Differentuser" time="13.675" classname="com.minimizedScenariosExtentReport.Verify_Duplicate"/>
  <system-out/>
  <testcase name="Accept_Duplicate_Telephonumber" time="5.349" classname="com.minimizedScenariosExtentReport.Verify_Duplicate"/>
  <system-out/>
  <testcase name="Accept_samemobileno_telephonenumber" time="0.584" classname="com.minimizedScenariosExtentReport.Verify_Duplicate"/>
  <system-out/>
  <testcase name="Duplicate_Compartmental_Pass_Subject" time="15.504" classname="com.minimizedScenariosExtentReport.Verify_Duplicate"/>
  <system-out/>
  <testcase name="CheckDuplicacy_College_Stream" time="3.514" classname="com.minimizedScenariosExtentReport.Verify_Duplicate"/>
  <system-out/>
  <testcase name="Duplicate_Firstandforthelectivesubject_notapply" time="16.884" classname="com.minimizedScenariosExtentReport.Verify_Duplicate"/>
  <system-out/>
  <testcase name="Duplicate_Firstandsecondelectivesubject_notapply" time="6.982" classname="com.minimizedScenariosExtentReport.Verify_Duplicate"/>
  <system-out/>
  <testcase name="Duplicate_Firstandthirdelectivesubject_notapply" time="11.650" classname="com.minimizedScenariosExtentReport.Verify_Duplicate"/>
  <system-out/>
  <testcase name="Verify_Duplicate_Fourthelectivesubject" time="13.875" classname="com.minimizedScenariosExtentReport.Verify_Duplicate"/>
  <system-out/>
</testsuite> <!-- com.minimizedScenariosExtentReport.Verify_Duplicate -->
