<?xml version="1.0" encoding="UTF-8"?>
<!-- Generated by org.testng.reporters.JUnitReportReporter -->
<testsuite skipped="0" hostname="CSMBHUL251" name="com.minimizedScenariosExtentReport.Uniqueelectivesubject" tests="3" failures="0" timestamp="2020-07-02T13:28:09 IST" time="52.608" errors="0">
  <testcase name="Accept_Uniqueelectivesubject" time="50.675" classname="com.minimizedScenariosExtentReport.Uniqueelectivesubject"/>
  <system-out/>
  <testcase name="Accept_Uniqueforthelectivesubject" time="0.344" classname="com.minimizedScenariosExtentReport.Uniqueelectivesubject"/>
  <system-out/>
  <testcase name="Verify_Accepting_Duplicate_10thdata" time="1.589" classname="com.minimizedScenariosExtentReport.Uniqueelectivesubject"/>
  <system-out/>
</testsuite> <!-- com.minimizedScenariosExtentReport.Uniqueelectivesubject -->
