<?xml version="1.0" encoding="UTF-8"?>
<!-- Generated by org.testng.reporters.JUnitReportReporter -->
<testsuite skipped="0" hostname="CSMBHUL251" name="com.minimizedScenariosExtentReport.VerifyFeespayment" tests="10" failures="0" timestamp="2020-07-02T13:28:09 IST" time="59.219" errors="0">
  <testcase name="VerifyTransgender_Feespayment" time="14.052" classname="com.minimizedScenariosExtentReport.VerifyFeespayment"/>
  <system-out/>
  <testcase name="VerifyORPHAN_Feespayment" time="16.506" classname="com.minimizedScenariosExtentReport.VerifyFeespayment"/>
  <system-out/>
  <testcase name="VerifyST_Feespayment" time="12.405" classname="com.minimizedScenariosExtentReport.VerifyFeespayment"/>
  <system-out/>
  <testcase name="VerifySC_Feespayment" time="2.263" classname="com.minimizedScenariosExtentReport.VerifyFeespayment"/>
  <system-out/>
  <testcase name="VerifyOBC_Feespayment" time="2.245" classname="com.minimizedScenariosExtentReport.VerifyFeespayment"/>
  <system-out/>
  <testcase name="Verify_SEBC_Feespayment" time="2.232" classname="com.minimizedScenariosExtentReport.VerifyFeespayment"/>
  <system-out/>
  <testcase name="VerifyGeneral_Feespayment" time="2.247" classname="com.minimizedScenariosExtentReport.VerifyFeespayment"/>
  <system-out/>
  <testcase name="VerifyPWD_Feespayment" time="6.362" classname="com.minimizedScenariosExtentReport.VerifyFeespayment"/>
  <system-out/>
  <testcase name="ExServiceman_Apply" time="0.481" classname="com.minimizedScenariosExtentReport.VerifyFeespayment"/>
  <system-out/>
  <testcase name="SDP_Apply" time="0.426" classname="com.minimizedScenariosExtentReport.VerifyFeespayment"/>
  <system-out/>
</testsuite> <!-- com.minimizedScenariosExtentReport.VerifyFeespayment -->
